# JRE version: Java(TM) SE Runtime Environment (19.0.1+10) (build 19.0.1+10-21)
# Java VM: Java HotSpot(TM) 64-Bit Server VM (19.0.1+10-21, mixed mode, sharing, tiered, compressed oops, compressed class ptrs, g1 gc, windows-amd64)
GC Precious Log:
 CardTable entry size: 512
 Card Set container configuration: InlinePtr #cards 5 size 8 Array Of Cards #cards 12 size 40 Howl #buckets 4 coarsen threshold 1843 Howl Bitmap #cards 512 size 80 coarsen threshold 460 Card regions per heap region 1 cards per card region 2048
 CPUs: 12 total, 12 available
 Memory: 7539M
 Large Page Support: Disabled
 NUMA Support: Disabled
 Compressed Oops: Enabled (32-bit)
 Heap Region Size: 1M
 Heap Min Capacity: 8M
 Heap Initial Capacity: 118M
 Heap Max Capacity: 1886M
 Pre-touch: Disabled
 Parallel Workers: 10
 Concurrent Workers: 3
 Concurrent Refinement Workers: 10
 Periodic GC: Disabled
Heap:
 garbage-first heap   total 89088K, used 37919K [0x000000008a200000, 0x0000000100000000)
  region size 1024K, 11 young (11264K), 1 survivors (1024K)
 Metaspace       used 51835K, committed 52352K, reserved 1114112K
  class space    used 6294K, committed 6528K, reserved 1048576K
GC Heap History (20 events):
Event: 255.649 GC heap before
{Heap before GC invocations=35 (full 0):
 garbage-first heap   total 89088K, used 76687K [0x000000008a200000, 0x0000000100000000)
  region size 1024K, 49 young (50176K), 1 survivors (1024K)
 Metaspace       used 51820K, committed 52352K, reserved 1114112K
  class space    used 6291K, committed 6528K, reserved 1048576K
}
Event: 255.651 GC heap after
{Heap after GC invocations=36 (full 0):
 garbage-first heap   total 89088K, used 28699K [0x000000008a200000, 0x0000000100000000)
  region size 1024K, 1 young (1024K), 1 survivors (1024K)
 Metaspace       used 51820K, committed 52352K, reserved 1114112K
  class space    used 6291K, committed 6528K, reserved 1048576K
}
Event: 256.458 GC heap before
{Heap before GC invocations=36 (full 0):
 garbage-first heap   total 89088K, used 76827K [0x000000008a200000, 0x0000000100000000)
  region size 1024K, 49 young (50176K), 1 survivors (1024K)
 Metaspace       used 51820K, committed 52352K, reserved 1114112K
  class space    used 6291K, committed 6528K, reserved 1048576K
}
Event: 256.462 GC heap after
{Heap after GC invocations=37 (full 0):
 garbage-first heap   total 89088K, used 28587K [0x000000008a200000, 0x0000000100000000)
  region size 1024K, 1 young (1024K), 1 survivors (1024K)
 Metaspace       used 51820K, committed 52352K, reserved 1114112K
  class space    used 6291K, committed 6528K, reserved 1048576K
}
Event: 257.365 GC heap before
{Heap before GC invocations=37 (full 0):
 garbage-first heap   total 89088K, used 76715K [0x000000008a200000, 0x0000000100000000)
  region size 1024K, 49 young (50176K), 1 survivors (1024K)
 Metaspace       used 51823K, committed 52352K, reserved 1114112K
  class space    used 6291K, committed 6528K, reserved 1048576K
}
Event: 257.367 GC heap after
{Heap after GC invocations=38 (full 0):
 garbage-first heap   total 89088K, used 28537K [0x000000008a200000, 0x0000000100000000)
  region size 1024K, 1 young (1024K), 1 survivors (1024K)
 Metaspace       used 51823K, committed 52352K, reserved 1114112K
  class space    used 6291K, committed 6528K, reserved 1048576K
}
Event: 258.239 GC heap before
{Heap before GC invocations=38 (full 0):
 garbage-first heap   total 89088K, used 76665K [0x000000008a200000, 0x0000000100000000)
  region size 1024K, 49 young (50176K), 1 survivors (1024K)
 Metaspace       used 51823K, committed 52352K, reserved 1114112K
  class space    used 6291K, committed 6528K, reserved 1048576K
}
Event: 258.240 GC heap after
{Heap after GC invocations=39 (full 0):
 garbage-first heap   total 89088K, used 28581K [0x000000008a200000, 0x0000000100000000)
  region size 1024K, 1 young (1024K), 1 survivors (1024K)
 Metaspace       used 51823K, committed 52352K, reserved 1114112K
  class space    used 6291K, committed 6528K, reserved 1048576K
}
Event: 258.923 GC heap before
{Heap before GC invocations=39 (full 0):
 garbage-first heap   total 89088K, used 76709K [0x000000008a200000, 0x0000000100000000)
  region size 1024K, 49 young (50176K), 1 survivors (1024K)
 Metaspace       used 51823K, committed 52352K, reserved 1114112K
  class space    used 6291K, committed 6528K, reserved 1048576K
}
Event: 258.924 GC heap after
{Heap after GC invocations=40 (full 0):
 garbage-first heap   total 89088K, used 28663K [0x000000008a200000, 0x0000000100000000)
  region size 1024K, 1 young (1024K), 1 survivors (1024K)
 Metaspace       used 51823K, committed 52352K, reserved 1114112K
  class space    used 6291K, committed 6528K, reserved 1048576K
}
Event: 259.756 GC heap before
{Heap before GC invocations=40 (full 0):
 garbage-first heap   total 89088K, used 76791K [0x000000008a200000, 0x0000000100000000)
  region size 1024K, 49 young (50176K), 1 survivors (1024K)
 Metaspace       used 51823K, committed 52352K, reserved 1114112K
  class space    used 6291K, committed 6528K, reserved 1048576K
}
Event: 259.759 GC heap after
{Heap after GC invocations=41 (full 0):
 garbage-first heap   total 89088K, used 28716K [0x000000008a200000, 0x0000000100000000)
  region size 1024K, 1 young (1024K), 1 survivors (1024K)
 Metaspace       used 51823K, committed 52352K, reserved 1114112K
  class space    used 6291K, committed 6528K, reserved 1048576K
}
Event: 260.692 GC heap before
{Heap before GC invocations=41 (full 0):
 garbage-first heap   total 89088K, used 77868K [0x000000008a200000, 0x0000000100000000)
  region size 1024K, 49 young (50176K), 1 survivors (1024K)
 Metaspace       used 51834K, committed 52352K, reserved 1114112K
  class space    used 6294K, committed 6528K, reserved 1048576K
}
Event: 260.694 GC heap after
{Heap after GC invocations=42 (full 0):
 garbage-first heap   total 89088K, used 28596K [0x000000008a200000, 0x0000000100000000)
  region size 1024K, 1 young (1024K), 1 survivors (1024K)
 Metaspace       used 51834K, committed 52352K, reserved 1114112K
  class space    used 6294K, committed 6528K, reserved 1048576K
}
Event: 263.599 GC heap before
{Heap before GC invocations=42 (full 0):
 garbage-first heap   total 89088K, used 76724K [0x000000008a200000, 0x0000000100000000)
  region size 1024K, 49 young (50176K), 1 survivors (1024K)
 Metaspace       used 51834K, committed 52352K, reserved 1114112K
  class space    used 6294K, committed 6528K, reserved 1048576K
}
Event: 263.601 GC heap after
{Heap after GC invocations=43 (full 0):
 garbage-first heap   total 89088K, used 28646K [0x000000008a200000, 0x0000000100000000)
  region size 1024K, 1 young (1024K), 1 survivors (1024K)
 Metaspace       used 51834K, committed 52352K, reserved 1114112K
  class space    used 6294K, committed 6528K, reserved 1048576K
}
Event: 264.533 GC heap before
{Heap before GC invocations=43 (full 0):
 garbage-first heap   total 89088K, used 76774K [0x000000008a200000, 0x0000000100000000)
  region size 1024K, 49 young (50176K), 1 survivors (1024K)
 Metaspace       used 51834K, committed 52352K, reserved 1114112K
  class space    used 6294K, committed 6528K, reserved 1048576K
}
Event: 264.536 GC heap after
{Heap after GC invocations=44 (full 0):
 garbage-first heap   total 89088K, used 28640K [0x000000008a200000, 0x0000000100000000)
  region size 1024K, 1 young (1024K), 1 survivors (1024K)
 Metaspace       used 51834K, committed 52352K, reserved 1114112K
  class space    used 6294K, committed 6528K, reserved 1048576K
}
Event: 265.240 GC heap before
{Heap before GC invocations=44 (full 0):
 garbage-first heap   total 89088K, used 76768K [0x000000008a200000, 0x0000000100000000)
  region size 1024K, 49 young (50176K), 1 survivors (1024K)
 Metaspace       used 51835K, committed 52352K, reserved 1114112K
  class space    used 6294K, committed 6528K, reserved 1048576K
}
Event: 265.242 GC heap after
{Heap after GC invocations=45 (full 0):
 garbage-first heap   total 89088K, used 28620K [0x000000008a200000, 0x0000000100000000)
  region size 1024K, 1 young (1024K), 1 survivors (1024K)
 Metaspace       used 51835K, committed 52352K, reserved 1114112K
  class space    used 6294K, committed 6528K, reserved 1048576K
}

