# JRE version: Java(TM) SE Runtime Environment (19.0.1+10) (build 19.0.1+10-21)
# Java VM: Java HotSpot(TM) 64-Bit Server VM (19.0.1+10-21, mixed mode, sharing, tiered, compressed oops, compressed class ptrs, g1 gc, windows-amd64)
GC Precious Log:
 CardTable entry size: 512
 Card Set container configuration: InlinePtr #cards 5 size 8 Array Of Cards #cards 12 size 40 Howl #buckets 4 coarsen threshold 1843 Howl Bitmap #cards 512 size 80 coarsen threshold 460 Card regions per heap region 1 cards per card region 2048
 CPUs: 12 total, 12 available
 Memory: 7539M
 Large Page Support: Disabled
 NUMA Support: Disabled
 Compressed Oops: Enabled (32-bit)
 Heap Region Size: 1M
 Heap Min Capacity: 8M
 Heap Initial Capacity: 118M
 Heap Max Capacity: 1886M
 Pre-touch: Disabled
 Parallel Workers: 10
 Concurrent Workers: 3
 Concurrent Refinement Workers: 10
 Periodic GC: Disabled
Heap:
 garbage-first heap   total 122880K, used 33396K [0x000000008a200000, 0x0000000100000000)
  region size 1024K, 9 young (9216K), 3 survivors (3072K)
 Metaspace       used 51309K, committed 51840K, reserved 1114112K
  class space    used 6263K, committed 6528K, reserved 1048576K
GC Heap History (20 events):
Event: 4.340 GC heap before
{Heap before GC invocations=4 (full 0):
 garbage-first heap   total 51200K, used 37505K [0x000000008a200000, 0x0000000100000000)
  region size 1024K, 30 young (30720K), 6 survivors (6144K)
 Metaspace       used 25668K, committed 25984K, reserved 1114112K
  class space    used 3192K, committed 3328K, reserved 1048576K
}
Event: 4.355 GC heap after
{Heap after GC invocations=5 (full 0):
 garbage-first heap   total 51200K, used 15317K [0x000000008a200000, 0x0000000100000000)
  region size 1024K, 3 young (3072K), 3 survivors (3072K)
 Metaspace       used 25668K, committed 25984K, reserved 1114112K
  class space    used 3192K, committed 3328K, reserved 1048576K
}
Event: 4.363 GC heap before
{Heap before GC invocations=5 (full 0):
 garbage-first heap   total 51200K, used 16341K [0x000000008a200000, 0x0000000100000000)
  region size 1024K, 4 young (4096K), 3 survivors (3072K)
 Metaspace       used 25688K, committed 26048K, reserved 1114112K
  class space    used 3194K, committed 3328K, reserved 1048576K
}
Event: 4.367 GC heap after
{Heap after GC invocations=6 (full 0):
 garbage-first heap   total 61440K, used 15655K [0x000000008a200000, 0x0000000100000000)
  region size 1024K, 1 young (1024K), 1 survivors (1024K)
 Metaspace       used 25688K, committed 26048K, reserved 1114112K
  class space    used 3194K, committed 3328K, reserved 1048576K
}
Event: 4.890 GC heap before
{Heap before GC invocations=6 (full 0):
 garbage-first heap   total 61440K, used 42279K [0x000000008a200000, 0x0000000100000000)
  region size 1024K, 26 young (26624K), 1 survivors (1024K)
 Metaspace       used 29978K, committed 30400K, reserved 1114112K
  class space    used 3705K, committed 3904K, reserved 1048576K
}
Event: 4.893 GC heap after
{Heap after GC invocations=7 (full 0):
 garbage-first heap   total 61440K, used 17104K [0x000000008a200000, 0x0000000100000000)
  region size 1024K, 2 young (2048K), 2 survivors (2048K)
 Metaspace       used 29978K, committed 30400K, reserved 1114112K
  class space    used 3705K, committed 3904K, reserved 1048576K
}
Event: 5.505 GC heap before
{Heap before GC invocations=7 (full 0):
 garbage-first heap   total 61440K, used 42704K [0x000000008a200000, 0x0000000100000000)
  region size 1024K, 27 young (27648K), 2 survivors (2048K)
 Metaspace       used 35555K, committed 36032K, reserved 1114112K
  class space    used 4519K, committed 4736K, reserved 1048576K
}
Event: 5.512 GC heap after
{Heap after GC invocations=8 (full 0):
 garbage-first heap   total 61440K, used 19773K [0x000000008a200000, 0x0000000100000000)
  region size 1024K, 4 young (4096K), 4 survivors (4096K)
 Metaspace       used 35555K, committed 36032K, reserved 1114112K
  class space    used 4519K, committed 4736K, reserved 1048576K
}
Event: 5.528 GC heap before
{Heap before GC invocations=8 (full 0):
 garbage-first heap   total 61440K, used 19773K [0x000000008a200000, 0x0000000100000000)
  region size 1024K, 5 young (5120K), 4 survivors (4096K)
 Metaspace       used 35690K, committed 36096K, reserved 1114112K
  class space    used 4540K, committed 4736K, reserved 1048576K
}
Event: 5.532 GC heap after
{Heap after GC invocations=9 (full 0):
 garbage-first heap   total 61440K, used 20417K [0x000000008a200000, 0x0000000100000000)
  region size 1024K, 1 young (1024K), 1 survivors (1024K)
 Metaspace       used 35690K, committed 36096K, reserved 1114112K
  class space    used 4540K, committed 4736K, reserved 1048576K
}
Event: 6.140 GC heap before
{Heap before GC invocations=10 (full 0):
 garbage-first heap   total 61440K, used 43969K [0x000000008a200000, 0x0000000100000000)
  region size 1024K, 25 young (25600K), 1 survivors (1024K)
 Metaspace       used 39004K, committed 39488K, reserved 1114112K
  class space    used 4990K, committed 5184K, reserved 1048576K
}
Event: 6.143 GC heap after
{Heap after GC invocations=11 (full 0):
 garbage-first heap   total 61440K, used 22727K [0x000000008a200000, 0x0000000100000000)
  region size 1024K, 3 young (3072K), 3 survivors (3072K)
 Metaspace       used 39004K, committed 39488K, reserved 1114112K
  class space    used 4990K, committed 5184K, reserved 1048576K
}
Event: 6.257 GC heap before
{Heap before GC invocations=11 (full 0):
 garbage-first heap   total 61440K, used 23751K [0x000000008a200000, 0x0000000100000000)
  region size 1024K, 4 young (4096K), 3 survivors (3072K)
 Metaspace       used 39112K, committed 39616K, reserved 1114112K
  class space    used 5005K, committed 5248K, reserved 1048576K
}
Event: 6.261 GC heap after
{Heap after GC invocations=12 (full 0):
 garbage-first heap   total 61440K, used 22571K [0x000000008a200000, 0x0000000100000000)
  region size 1024K, 1 young (1024K), 1 survivors (1024K)
 Metaspace       used 39112K, committed 39616K, reserved 1114112K
  class space    used 5005K, committed 5248K, reserved 1048576K
}
Event: 6.861 GC heap before
{Heap before GC invocations=12 (full 0):
 garbage-first heap   total 61440K, used 44075K [0x000000008a200000, 0x0000000100000000)
  region size 1024K, 23 young (23552K), 1 survivors (1024K)
 Metaspace       used 44905K, committed 45376K, reserved 1114112K
  class space    used 5723K, committed 5952K, reserved 1048576K
}
Event: 6.866 GC heap after
{Heap after GC invocations=13 (full 0):
 garbage-first heap   total 122880K, used 25665K [0x000000008a200000, 0x0000000100000000)
  region size 1024K, 3 young (3072K), 3 survivors (3072K)
 Metaspace       used 44905K, committed 45376K, reserved 1114112K
  class space    used 5723K, committed 5952K, reserved 1048576K
}
Event: 60.899 GC heap before
{Heap before GC invocations=13 (full 0):
 garbage-first heap   total 122880K, used 91201K [0x000000008a200000, 0x0000000100000000)
  region size 1024K, 68 young (69632K), 3 survivors (3072K)
 Metaspace       used 51283K, committed 51840K, reserved 1114112K
  class space    used 6261K, committed 6528K, reserved 1048576K
}
Event: 60.925 GC heap after
{Heap after GC invocations=14 (full 0):
 garbage-first heap   total 122880K, used 27985K [0x000000008a200000, 0x0000000100000000)
  region size 1024K, 6 young (6144K), 6 survivors (6144K)
 Metaspace       used 51283K, committed 51840K, reserved 1114112K
  class space    used 6261K, committed 6528K, reserved 1048576K
}
Event: 69.772 GC heap before
{Heap before GC invocations=14 (full 0):
 garbage-first heap   total 122880K, used 89425K [0x000000008a200000, 0x0000000100000000)
  region size 1024K, 66 young (67584K), 6 survivors (6144K)
 Metaspace       used 51304K, committed 51840K, reserved 1114112K
  class space    used 6263K, committed 6528K, reserved 1048576K
}
Event: 69.801 GC heap after
{Heap after GC invocations=15 (full 0):
 garbage-first heap   total 122880K, used 28356K [0x000000008a200000, 0x0000000100000000)
  region size 1024K, 3 young (3072K), 3 survivors (3072K)
 Metaspace       used 51304K, committed 51840K, reserved 1114112K
  class space    used 6263K, committed 6528K, reserved 1048576K
}

